<?xml version="1.0" encoding="UTF-8" standalone="yes" ?>
<test-results name="D:\PROJETOS-Brasil\Fluent4D\Test Delphi\PTestFluentDictionary.exe" total="86" errors="0" failures="0" ignored="0" inconclusive="0" not-run="0" skipped="0" invalid="0" date="2025-04-06" time="0.098">
  <culture-info current-culture="en" current-uiculture="en" />
  <test-suite type="Assembly" name="PTestFluentDictionary.exe" executed="true" result="Success" success="True" time="0.098" asserts="0">
    <results>
        <test-suite type="Namespace" name="UTestFluent" executed="true" result="Success" success="True" time="0.096" asserts="0" >
          <results>
              <test-suite type="Fixture" name="TDictionaryHelperTest" executed="True" result="Success" success="True" time="0.096" >
                <results>
                  <test-case name="TestForEach" executed="True" result="Success" success="True" time="0.000" asserts="0" />
                  <test-case name="TestMap" executed="True" result="Success" success="True" time="0.000" asserts="0" />
                  <test-case name="TestFilter" executed="True" result="Success" success="True" time="0.000" asserts="0" />
                  <test-case name="TestReduce" executed="True" result="Success" success="True" time="0.000" asserts="0" />
                  <test-case name="TestTake" executed="True" result="Success" success="True" time="0.000" asserts="0" />
                  <test-case name="TestAny" executed="True" result="Success" success="True" time="0.000" asserts="0" />
                  <test-case name="TestSkip" executed="True" result="Success" success="True" time="0.000" asserts="0" />
                  <test-case name="TestZip" executed="True" result="Success" success="True" time="0.000" asserts="0" />
                  <test-case name="TestJoin" executed="True" result="Success" success="True" time="0.000" asserts="0" />
                  <test-case name="TestAddRange" executed="True" result="Success" success="True" time="0.000" asserts="0" />
                  <test-case name="TestDistinct" executed="True" result="Success" success="True" time="0.000" asserts="0" />
                  <test-case name="TestAdd" executed="True" result="Success" success="True" time="0.000" asserts="0" />
                  <test-case name="TestAddRangeEnumerable" executed="True" result="Success" success="True" time="0.000" asserts="0" />
                  <test-case name="TestRemove" executed="True" result="Success" success="True" time="0.000" asserts="0" />
                  <test-case name="TestClear" executed="True" result="Success" success="True" time="0.000" asserts="0" />
                  <test-case name="TestTrimExcess" executed="True" result="Success" success="True" time="0.000" asserts="0" />
                  <test-case name="TestAddOrSetValue" executed="True" result="Success" success="True" time="0.000" asserts="0" />
                  <test-case name="TestExtractPair" executed="True" result="Success" success="True" time="0.000" asserts="0" />
                  <test-case name="TestTryGetValue" executed="True" result="Success" success="True" time="0.000" asserts="0" />
                  <test-case name="TestTryAdd" executed="True" result="Success" success="True" time="0.000" asserts="0" />
                  <test-case name="TestContainsKey" executed="True" result="Success" success="True" time="0.000" asserts="0" />
                  <test-case name="TestContainsValue" executed="True" result="Success" success="True" time="0.000" asserts="0" />
                  <test-case name="TestToArray" executed="True" result="Success" success="True" time="0.000" asserts="0" />
                  <test-case name="TestCapacity" executed="True" result="Success" success="True" time="0.000" asserts="0" />
                  <test-case name="TestCount" executed="True" result="Success" success="True" time="0.000" asserts="0" />
                  <test-case name="TestIsEmpty" executed="True" result="Success" success="True" time="0.000" asserts="0" />
                  <test-case name="TestGrowThreshold" executed="True" result="Success" success="True" time="0.000" asserts="0" />
                  <test-case name="TestCollisions" executed="True" result="Success" success="True" time="0.000" asserts="0" />
                  <test-case name="TestKeys" executed="True" result="Success" success="True" time="0.000" asserts="0" />
                  <test-case name="TestValues" executed="True" result="Success" success="True" time="0.000" asserts="0" />
                  <test-case name="TestComparer" executed="True" result="Success" success="True" time="0.000" asserts="0" />
                  <test-case name="TestItemsGet" executed="True" result="Success" success="True" time="0.000" asserts="0" />
                  <test-case name="TestItemsSet" executed="True" result="Success" success="True" time="0.000" asserts="0" />
                  <test-case name="TestOnKeyNotify" executed="True" result="Success" success="True" time="0.000" asserts="0" />
                  <test-case name="TestOnValueNotify" executed="True" result="Success" success="True" time="0.000" asserts="0" />
                  <test-case name="TestCreateWithComparer" executed="True" result="Success" success="True" time="0.000" asserts="0" />
                  <test-case name="TestCreateWithCapacityAndComparer" executed="True" result="Success" success="True" time="0.000" asserts="0" />
                  <test-case name="TestCreateWithEnumerable" executed="True" result="Success" success="True" time="0.000" asserts="0" />
                  <test-case name="TestCreateWithEnumerableAndComparer" executed="True" result="Success" success="True" time="0.000" asserts="0" />
                  <test-case name="TestCreateWithArray" executed="True" result="Success" success="True" time="0.000" asserts="0" />
                  <test-case name="TestCreateWithArrayAndComparer" executed="True" result="Success" success="True" time="0.000" asserts="0" />
                  <test-case name="TestCreateWithDictOwns" executed="True" result="Success" success="True" time="0.000" asserts="0" />
                  <test-case name="TestCreateWithDictNoOwns" executed="True" result="Success" success="True" time="0.000" asserts="0" />
                  <test-case name="TestFromDict" executed="True" result="Success" success="True" time="0.000" asserts="0" />
                  <test-case name="TestFromArray" executed="True" result="Success" success="True" time="0.000" asserts="0" />
                  <test-case name="TestGetEnumerator" executed="True" result="Success" success="True" time="0.000" asserts="0" />
                  <test-case name="TestCycle" executed="True" result="Success" success="True" time="0.000" asserts="0" />
                  <test-case name="TestTee" executed="True" result="Success" success="True" time="0.000" asserts="0" />
                  <test-case name="TestElementAt" executed="True" result="Success" success="True" time="0.000" asserts="0" />
                  <test-case name="TestElementAtOrDefault" executed="True" result="Success" success="True" time="0.000" asserts="0" />
                  <test-case name="TestTakeWhile" executed="True" result="Success" success="True" time="0.000" asserts="0" />
                  <test-case name="TestSkipWhile" executed="True" result="Success" success="True" time="0.000" asserts="0" />
                  <test-case name="TestFirst" executed="True" result="Success" success="True" time="0.000" asserts="0" />
                  <test-case name="TestFirstOrDefault" executed="True" result="Success" success="True" time="0.000" asserts="0" />
                  <test-case name="TestLast" executed="True" result="Success" success="True" time="0.000" asserts="0" />
                  <test-case name="TestLastOrDefault" executed="True" result="Success" success="True" time="0.000" asserts="0" />
                  <test-case name="TestSingle" executed="True" result="Success" success="True" time="0.000" asserts="0" />
                  <test-case name="TestSingleOrDefault" executed="True" result="Success" success="True" time="0.000" asserts="0" />
                  <test-case name="TestOfType" executed="True" result="Success" success="True" time="0.000" asserts="0" />
                  <test-case name="TestExclude" executed="True" result="Success" success="True" time="0.000" asserts="0" />
                  <test-case name="TestIntersect" executed="True" result="Success" success="True" time="0.000" asserts="0" />
                  <test-case name="TestUnion" executed="True" result="Success" success="True" time="0.000" asserts="0" />
                  <test-case name="TestConcat" executed="True" result="Success" success="True" time="0.000" asserts="0" />
                  <test-case name="TestSequenceEqual" executed="True" result="Success" success="True" time="0.000" asserts="0" />
                  <test-case name="TestOrderByDesc" executed="True" result="Success" success="True" time="0.000" asserts="0" />
                  <test-case name="TestMin" executed="True" result="Success" success="True" time="0.000" asserts="0" />
                  <test-case name="TestMinWithComparer" executed="True" result="Success" success="True" time="0.000" asserts="0" />
                  <test-case name="TestMax" executed="True" result="Success" success="True" time="0.000" asserts="0" />
                  <test-case name="TestMaxWithComparer" executed="True" result="Success" success="True" time="0.000" asserts="0" />
                  <test-case name="TestMinBy" executed="True" result="Success" success="True" time="0.000" asserts="0" />
                  <test-case name="TestMaxBy" executed="True" result="Success" success="True" time="0.000" asserts="0" />
                  <test-case name="TestFlatMap" executed="True" result="Success" success="True" time="0.000" asserts="0" />
                  <test-case name="TestSelectMany" executed="True" result="Success" success="True" time="0.000" asserts="0" />
                  <test-case name="TestGroupBy" executed="True" result="Success" success="True" time="0.000" asserts="0" />
                  <test-case name="TestGroupJoin" executed="True" result="Success" success="True" time="0.000" asserts="0" />
                  <test-case name="TestReduceNoInitial" executed="True" result="Success" success="True" time="0.000" asserts="0" />
                  <test-case name="TestReduceRight" executed="True" result="Success" success="True" time="0.000" asserts="0" />
                  <test-case name="TestReduceRightNoInitial" executed="True" result="Success" success="True" time="0.000" asserts="0" />
                  <test-case name="TestSumInteger" executed="True" result="Success" success="True" time="0.000" asserts="0" />
                  <test-case name="TestSumDouble" executed="True" result="Success" success="True" time="0.000" asserts="0" />
                  <test-case name="TestAverage" executed="True" result="Success" success="True" time="0.000" asserts="0" />
                  <test-case name="TestCountWithPredicate" executed="True" result="Success" success="True" time="0.000" asserts="0" />
                  <test-case name="TestLongCount" executed="True" result="Success" success="True" time="0.000" asserts="0" />
                  <test-case name="TestAll" executed="True" result="Success" success="True" time="0.000" asserts="0" />
                  <test-case name="TestContainsFluent" executed="True" result="Success" success="True" time="0.000" asserts="0" />
                  <test-case name="TestToList" executed="True" result="Success" success="True" time="0.000" asserts="0" />
                </results>
              </test-suite>
          </results>
        </test-suite>
    </results>
  </test-suite>
</test-results>
